<?xml version="1.0" encoding="UTF-8"?>
<!-- Generated by org.testng.reporters.JUnitXMLReporter -->
<testsuite ignored="1" hostname="Shree" failures="0" tests="1" name="DynamicTest" time="3.09" errors="0" timestamp="2025-07-04T14:25:22 IST">
  <testcase classname="com.example.testscanner.SampleTest" name="getPageTitle" time="0.03"/>
  <testcase classname="com.example.testscanner.SampleTest" name="getCurrentURL" time="0.0">
    <ignored/>
  </testcase> <!-- getCurrentURL -->
</testsuite> <!-- DynamicTest -->
