<?xml version="1.0" encoding="UTF-8"?>
<testng-results ignored="1" total="2" passed="1" failed="0" skipped="0">
  <reporter-output>
  </reporter-output>
  <suite started-at="2025-07-04T14:25:19 IST" name="DynamicSuite" finished-at="2025-07-04T14:25:22 IST" duration-ms="3090">
    <groups>
    </groups>
    <test started-at="2025-07-04T14:25:19 IST" name="DynamicTest" finished-at="2025-07-04T14:25:22 IST" duration-ms="3090">
      <class name="com.example.testscanner.SampleTest">
        <test-method is-config="true" signature="setUp()[pri:0, instance:com.example.testscanner.SampleTest@3099effc]" started-at="2025-07-04T14:25:19 IST" name="setUp" finished-at="2025-07-04T14:25:22 IST" duration-ms="2770" status="PASS">
          <reporter-output>
          </reporter-output>
        </test-method> <!-- setUp -->
        <test-method signature="getPageTitle()[pri:0, instance:com.example.testscanner.SampleTest@3099effc]" started-at="2025-07-04T14:25:22 IST" name="getPageTitle" finished-at="2025-07-04T14:25:22 IST" duration-ms="30" status="PASS">
          <reporter-output>
          </reporter-output>
        </test-method> <!-- getPageTitle -->
        <test-method is-config="true" signature="tearDown()[pri:0, instance:com.example.testscanner.SampleTest@3099effc]" started-at="2025-07-04T14:25:22 IST" name="tearDown" finished-at="2025-07-04T14:25:22 IST" duration-ms="289" status="PASS">
          <reporter-output>
          </reporter-output>
        </test-method> <!-- tearDown -->
      </class> <!-- com.example.testscanner.SampleTest -->
    </test> <!-- DynamicTest -->
  </suite> <!-- DynamicSuite -->
</testng-results>
